#
# A fatal error has been detected by the Java Runtime Environment:
#
#  EXCEPTION_ACCESS_VIOLATION (0xc0000005) at pc=0x000000006931abe0, pid=6916, tid=8540
#
# JRE version: 6.0_26-b03
# Java VM: Java HotSpot(TM) 64-Bit Server VM (20.1-b02 mixed mode windows-amd64 compressed oops)
# Problematic frame:
# C  [atio6axx.dll+0x2eabe0]
#
# If you would like to submit a bug report, please visit:
#   http://java.sun.com/webapps/bugreport/crash.jsp
# The crash happened outside the Java Virtual Machine in native code.
# See problematic frame for where to report the bug.
#

---------------  T H R E A D  ---------------

Current thread (0x0000000006fa1800):  JavaThread "LWJGL Application" [_thread_in_native, id=8540, stack(0x0000000007ea0000,0x0000000007fa0000)]

siginfo: ExceptionCode=0xc0000005, reading address 0x000000000739a188

Registers:
RAX=0x000000000000c140, RBX=0x000000000737ca62, RCX=0x00000000000000cf, RDX=0xfffffffffb977718
RSP=0x0000000007f9edd0, RBP=0x0000000000000001, RSI=0x000000000737ca6c, RDI=0x000000000000c140
R8 =0x000000000ba22a70, R9 =0x000000000ba22a74, R10=0x0000000007f9ee5c, R11=0x0000000000000001
R12=0x000000000ba22a70, R13=0x00000000000015b8, R14=0x000000006a035210, R15=0x000000006a036678
RIP=0x000000006931abe0, EFLAGS=0x0000000000010287

Top of Stack: (sp=0x0000000007f9edd0)
0x0000000007f9edd0:   9968000000000000 000000006a036798
0x0000000007f9ede0:   0000000000000000 0000000000000006
0x0000000007f9edf0:   ffffffffffffffff ffffffffffffffff
0x0000000007f9ee00:   ffffffffffffffff ffffffffffffffff
0x0000000007f9ee10:   ffffffffffffffff ffffffffffffffff
0x0000000007f9ee20:   ffffffffffffffff ffffffffffffffff
0x0000000007f9ee30:   000000006a034cc0 ffffffff00000000
0x0000000007f9ee40:   0000000000000000 ffffffffffffffff
0x0000000007f9ee50:   00000000072a8888 0000000400000014
0x0000000007f9ee60:   ffffffffffffffff ffffffffffffffff
0x0000000007f9ee70:   ffffffff00000001 000000000000000a
0x0000000007f9ee80:   00000000081212f0 0000000008120230
0x0000000007f9ee90:   00000000081230c8 0000000008121394
0x0000000007f9eea0:   0000000000000000 0000000100000001
0x0000000007f9eeb0:   00000000000002c1 0000000000000000
0x0000000007f9eec0:   0000000009157660 000000000000006e 

Instructions: (pc=0x000000006931abe0)
0x000000006931abc0:   45 8b 0a 4d 03 c8 4d 3b c1 73 26 41 8b 52 fc 0f
0x000000006931abd0:   b7 c7 0f af d0 49 03 52 f4 49 2b d0 0f 1f 40 00
0x000000006931abe0:   41 8b 04 10 49 83 c0 04 41 89 40 fc 4d 3b c1 72
0x000000006931abf0:   ef 49 83 c2 10 49 83 eb 01 4d 8b c1 75 c2 48 3b 


Register to memory mapping:

RAX=0x000000000000c140 is an unknown value
RBX=0x000000000737ca62 is an unknown value
RCX=0x00000000000000cf is an unknown value
RDX=0xfffffffffb977718 is an unknown value
RSP=0x0000000007f9edd0 is pointing into the stack for thread: 0x0000000006fa1800
RBP=0x0000000000000001 is an unknown value
RSI=0x000000000737ca6c is an unknown value
RDI=0x000000000000c140 is an unknown value
R8 =0x000000000ba22a70 is an unknown value
R9 =0x000000000ba22a74 is an unknown value
R10=0x0000000007f9ee5c is pointing into the stack for thread: 0x0000000006fa1800
R11=0x0000000000000001 is an unknown value
R12=0x000000000ba22a70 is an unknown value
R13=0x00000000000015b8 is an unknown value
R14=0x000000006a035210 is an unknown value
R15=0x000000006a036678 is an unknown value


Stack: [0x0000000007ea0000,0x0000000007fa0000],  sp=0x0000000007f9edd0,  free space=1019k
Native frames: (J=compiled Java code, j=interpreted, Vv=VM code, C=native code)
